         w __deregister_frame_info
         w __register_frame_info
         w userAppExit
         w userAppInit
00000000 00000802 B __ctru_dev_utf16_buf
00000000 a shift
00000000 a shift
00000000 A __sync_synchronize
00000000 b _TLS_MODULE_BASE_
00000804 00000401 B __ctru_dev_path_buf
00100000 A __start__
00100000 T _start
00100008 T __service_ptr
0010000c T __apt_appid
00100010 T __heap_size
00100014 T __linear_heap_size
00100018 T __system_arglist
0010001c T __system_runflags
00100020 t startup
00100058 t ClearMem
0010006c t ClrLoop
00100094 T _init
001000ac T __aeabi_uidiv
001000ac 000001ec T __udivsi3
001000ac t .udivsi3_skip_div0_test
00100298 00000020 T __aeabi_uidivmod
001002b8 T __aeabi_idiv
001002b8 00000220 T __divsi3
001002c0 t .divsi3_skip_div0_test
001004d8 00000020 T __aeabi_idivmod
001004f8 00000004 W __aeabi_idiv0
001004f8 00000004 W __aeabi_ldiv0
001004fc T __aeabi_ldivmod
001005d0 T __aeabi_uldivmod
00100628 00000390 T strcmp
001009b0 t __do_global_dtors_aux
001009f0 t frame_dummy
00100a1c 000000a4 t save_note
00100ac0 000008e8 T main
001013a8 00000044 t C2Di_FrameEndHook
001013f0 0000036c T C2D_Init
0010175c 0000004c T C2D_Fini
001017a8 000000b8 T C2D_Prepare
00101860 00000048 T C2D_Flush
001018a8 00000104 T C2D_SceneSize
001019ac 00000058 T C2D_CreateScreenTarget
00101a04 00000064 T C2D_TargetClear
00101a68 00000058 T C2Di_AppendQuad
00101ac0 00000040 T C2Di_AppendVtx
00101b00 00000550 T C2Di_Update
00102050 00000018 t C2Di_GlyphComp
00102068 00000140 t C2Di_CalcLineWidths
001021a8 000001dc T C2D_TextBufNew
00102384 00000004 T C2D_TextBufDelete
00102388 0000000c T C2D_TextBufClear
00102394 000001c8 T C2D_TextFontParseLine
0010255c 000000a8 T C2D_TextFontParse
00102604 00000014 T C2D_TextParse
00102618 00000030 T C2D_TextOptimize
00102648 00000f6c T C2D_DrawText
001035b4 00000044 T C2D_FontGlyphIndexFromCodePoint
001035f8 00000078 T C2D_FontCalcGlyphPos
00103670 00000028 T AttrInfo_Init
00103698 00000094 T AttrInfo_AddLoader
0010372c 00000054 T C3D_SetAttrInfo
00103780 00000080 T C3Di_AttrInfoBind
00103800 00000004 W C3Di_LightEnvUpdate
00103804 00000004 W C3Di_LightEnvDirty
00103808 000000b4 t C3Di_AptEventHook
001038bc 00000004 W C3Di_GasUpdate
001038c0 000001d0 T C3D_Init
00103a90 00000098 T C3D_SetViewport
00103b28 000004e8 T C3Di_UpdateContext
00104010 000000e0 T C3Di_SplitFrame
001040f0 00000044 T C3D_Fini
00104134 00000194 T C3D_BindProgram
001042c8 00000024 T BufInfo_Init
001042ec 00000080 T BufInfo_Add
0010436c 0000003c T C3D_SetBufInfo
001043a8 00000048 T C3Di_BufInfoBind
001043f0 0000021c T C3D_DrawElements
0010460c 00000040 T C3D_DepthMap
0010464c 0000001c T C3D_CullFace
00104668 00000040 T C3D_StencilTest
001046a8 00000024 T C3D_StencilOp
001046cc 0000001c T C3D_BlendingColor
001046e8 00000024 T C3D_EarlyDepthTest
0010470c 0000002c T C3D_DepthTest
00104738 0000002c T C3D_AlphaTest
00104764 00000050 T C3D_AlphaBlend
001047b4 00000030 T C3D_FragOpMode
001047e4 00000044 T C3D_FragOpShadow
00104828 000001ac T C3Di_EffectBind
001049d4 0000001c T C3D_CalcColorBufSize
001049f0 0000001c T C3D_CalcDepthBufSize
00104a0c 00000044 T C3D_SetFrameBuf
00104a50 0000016c T C3Di_FrameBufBind
00104bbc 000000c8 T C3D_FrameBufClear
00104c84 00000044 T C3D_FrameBufTransfer
00104cc8 000000a8 T C3D_ImmSendAttrib
00104d70 00000070 T C3D_ProcTexInit
00104de0 00000054 T C3D_ProcTexBind
00104e34 0000005c T C3D_ProcTexLutBind
00104e90 000000a4 T ProcTexLut_FromArray
00104f34 00000178 T C3Di_ProcTexUpdate
001050ac 00000068 T C3Di_ProcTexDirty
00105114 0000004c t onVBlank0
00105160 0000004c t onVBlank1
001051ac 00000080 t C3Di_RenderTargetDestroy
0010522c 000000f4 t onQueueFinish
00105320 00000038 T C3Di_RenderQueueEnableVBlank
00105358 00000030 T C3Di_RenderQueueDisableVBlank
00105388 00000060 T C3Di_RenderQueueInit
001053e8 000000b4 T C3Di_RenderQueueExit
0010549c 00000034 T C3Di_RenderQueueWaitDone
001054d0 000000e8 T C3D_FrameBegin
001055b8 00000048 T C3D_FrameDrawOn
00105600 00000058 T C3D_FrameSplit
00105658 000001d0 T C3D_FrameEnd
00105828 0000001c T C3D_FrameEndHook
00105844 00000170 T C3D_RenderTargetCreate
001059b4 000000a8 T C3D_RenderTargetSetOutput
00105a5c 00000034 T C3D_GetTexEnv
00105a90 00000024 T C3Di_TexEnvBind
00105ab4 00000044 T C3D_TexBind
00105af8 0000014c T C3Di_SetTex
00105c44 00000290 T C3D_UpdateUniforms
00105ed4 000000c0 T C3Di_DirtyUniforms
00105f94 000000d8 T C3Di_LoadShaderUniforms
0010606c 00000028 T C3Di_ClearShaderUniforms
00106094 000000cc T Mtx_Ortho
00106160 000000cc T Mtx_OrthoTilt
0010622c 00000024 t addrMapNodeComparator(rbtree_node const*, rbtree_node const*)
00106250 00000004 t addrMapNodeDestructor(rbtree_node*)
00106254 00000120 T linearMemAlign
00106374 00000008 T linearAlloc
0010637c 0000005c T linearFree
001063d8 00000084 T MemPool::CoalesceRight(MemBlock*)
0010645c 00000150 T MemPool::Allocate(MemChunk&, unsigned long, int)
001065ac 000000fc T MemPool::Deallocate(MemChunk const&)
001066a8 00000030 T MemPool::GetFreeSpace()
001066d8 00000024 t addrMapNodeComparator(rbtree_node const*, rbtree_node const*)
001066fc 00000004 t addrMapNodeDestructor(rbtree_node*)
00106700 00000244 T vramMemAlignAt
00106944 0000000c T vramAlloc
00106950 0000000c T vramAllocAt
0010695c 00000090 T vramFree
001069ec 00000094 T fontEnsureMapped
00106a80 00000100 T fontGlyphIndexFromCodePoint
00106b80 000001ec T fontCalcGlyphPos
00106d6c 000000d0 t gfxPresentFramebuffer
00106e3c 0000001c T gfxIsWide
00106e58 000000ec T gfxSetScreenFormat
00106f44 000000d8 T gfxInit
0010701c 00000010 T gfxInitDefault
0010702c 000000b4 T gfxExit
001070e0 000000a0 T gfxGetFramebuffer
00107180 00000030 T gfxScreenSwapBuffers
001071b0 00000074 T osConvertVirtToPhys
00107224 00000054 T osGetTimeRef
00107278 000000ec T osGetTime
00107364 00000034 T __ctru_speedup_config
00107398 00000008 t romfs_close
001073a0 000000c4 t romfs_seek
00107464 00000024 t romfs_dirreset
00107488 000000c8 t fill_dir
00107550 000002a8 t romfs_dirnext
001077f8 00000074 t romfs_free
0010786c 000000d4 t searchForFile.constprop.0
00107940 000000d8 t searchForDir.constprop.0
00107a18 000001c0 t navigateToDir.constprop.0
00107bd8 0000010c t romfs_open
00107ce4 0000004c t romfs_chdir
00107d30 00000070 t romfs_diropen
00107da0 00000174 t romfs_stat
00107f14 00000008 t romfs_dirclose
00107f20 00000084 t romfs_fstat
00107fa4 000000d0 t romfs_read
00108074 0000028c T romfsMountFromFile
00108300 00000098 T romfsMountFromCurrentProcess
00108398 00000260 T romfsMountSelf
001085f8 000000a4 T romfsUnmount
0010869c 0000013c T GPUCMD_Add
001087d8 000000b0 T GPUCMD_Split
00108888 00000034 T f32tof16
001088bc 00000034 T f32tof24
001088f0 00000038 T f32tof31
00108928 00000010 T GX_BindQueue
00108938 00000078 T GX_ProcessCommandList
001089b0 00000074 T GX_MemoryFill
00108a24 00000070 T GX_DisplayTransfer
00108a94 00000068 t gxCmdQueueDoCommands.part.0
00108afc 000000c8 T gxCmdQueueInterrupt
00108bc4 0000004c T gxCmdQueueClear
00108c10 000000f8 T gxCmdQueueAdd
00108d08 00000080 T gxCmdQueueRun
00108d88 00000060 T gxCmdQueueStop
00108de8 0000008c T gxCmdQueueWait
00108e74 000001d0 T shaderInstanceInit
00109044 00000018 T shaderInstanceGetUniformLocation
0010905c 0000001c T shaderProgramInit
00109078 00000064 T shaderProgramFree
001090dc 00000080 T shaderProgramSetVsh
0010915c 000008d0 T shaderProgramConfigure
00109a2c 000001dc t DVLE_GenerateOutmap.part.0
00109c08 000001b0 T DVLB_ParseFile
00109db8 00000038 T DVLB_Free
00109df0 00000074 T DVLE_GetUniformRegister
00109e64 000001b0 t aptConvertScreenForCapture
0010a014 00000008 W aptDspSleep
0010a01c 00000004 W aptDspWakeup
0010a020 00000004 W aptDspCancel
0010a024 00000158 T aptSendCommand
0010a180 00000044 t aptExitProcess
0010a1c4 00000380 T aptExit
0010a544 000000d8 T aptHandleSleep
0010a61c 00000030 T aptHook
0010a64c 00000030 T aptUnhook
0010a67c 0000001c T aptSetMessageCallback
0010a698 00000084 T APT_SleepIfShellClosed
0010a71c 00000078 T aptSetSleepAllowed
0010a794 00000084 T APT_UnlockTransition
0010a818 00000478 t aptEventHandler
0010ac90 000000b0 T APT_ReceiveParameter
0010ad40 000000ac t aptReceiveParameter.constprop.0
0010adf0 00000294 t aptScreenTransfer
0010b084 000002c8 t aptWaitForWakeUp.isra.0
0010b34c 00000114 T aptLaunchLibraryApplet
0010b460 000000f4 T aptJumpToHomeMenu
0010b554 00000048 T aptMainLoop
0010b59c 0000022c T aptInit
0010b7c8 0000005c T APT_SendParameter
0010b824 0000007c T APT_CheckNew3DS
0010b8a0 00000048 T APT_GetSharedFont
0010b8e8 000000d0 T fsInit
0010b9b8 0000003c T fsExit
0010b9f4 00000060 T fsExemptFromSession
0010ba54 00000050 T fsUnexemptFromSession
0010baa4 000000cc T FSUSER_OpenFile
0010bb70 000000d4 T FSUSER_OpenFileDirectly
0010bc44 000000bc T FSUSER_DeleteFile
0010bd00 000000f8 T FSUSER_RenameFile
0010bdf8 000000bc T FSUSER_DeleteDirectory
0010beb4 000000d4 T FSUSER_CreateFile
0010bf88 000000c4 T FSUSER_CreateDirectory
0010c04c 000000f8 T FSUSER_RenameDirectory
0010c144 000000b4 T FSUSER_OpenDirectory
0010c1f8 00000094 T FSUSER_OpenArchive
0010c28c 0000008c T FSUSER_CloseArchive
0010c318 00000074 T FSUSER_GetSdmcArchiveResource
0010c38c 00000064 T FSUSER_IsSdmcWritable
0010c3f0 00000058 T FSFILE_Read
0010c448 00000060 T FSFILE_Write
0010c4a8 00000038 T FSFILE_GetSize
0010c4e0 00000028 T FSFILE_SetSize
0010c508 0000003c T FSFILE_Close
0010c544 00000024 T FSFILE_Flush
0010c568 00000050 T FSDIR_Read
0010c5b8 0000003c T FSDIR_Close
0010c5f4 00000c70 t gspHardwareInit
0010d264 00000248 T gspInit
0010d4ac 000000e4 T gspExit
0010d590 00000010 T gspHasGpuRight
0010d5a0 000000a0 T gspPresentBuffer
0010d640 00000030 T gspSetEventCallback
0010d670 00000044 T gspWaitForEvent
0010d6b4 0000004c T gspWaitForAnyEvent
0010d700 00000160 t gspEventThreadMain
0010d860 00000130 T gspSubmitGxCommand
0010d990 00000050 T GSPGPU_FlushDataCache
0010d9e0 00000034 T GSPGPU_SetLcdForceBlack
0010da14 00000068 T GSPGPU_AcquireRight
0010da7c 00000048 T GSPGPU_ReleaseRight
0010dac4 0000007c T GSPGPU_ImportDisplayCaptureInfo
0010db40 0000002c T GSPGPU_SaveVramSysArea
0010db6c 0000002c T GSPGPU_RestoreVramSysArea
0010db98 00000024 W hidShouldUseIrrst
0010dbbc 0000018c T hidInit
0010dd48 000000e8 T hidExit
0010de30 000002a4 T hidScanInput
0010e0d4 00000010 T hidKeysDown
0010e0e4 00000160 T irrstInit
0010e244 000000cc T irrstExit
0010e310 000000b4 T irrstScanInput
0010e3c4 00000024 T irrstKeysHeld
0010e3e8 00000074 T ptmSysmInit
0010e45c 0000003c T ptmSysmExit
0010e498 00000034 T PTMSYSM_ConfigureNew3DSCPU
0010e4cc 00000178 t swkbdMessageCallback
0010e644 00000078 T swkbdInit
0010e6bc 00000050 T swkbdSetHintText
0010e70c 0000006c T swkbdSetButton
0010e778 000003a4 T swkbdInputText
0010eb1c 00000074 T rbtree_find
0010eb90 00000010 T rbtree_init
0010eba0 0000019c t do_insert
0010ed3c 00000008 T rbtree_insert
0010ed44 00000310 T rbtree_remove
0010f054 00000090 T rbtree_rotate
0010f0e4 0000013c T decode_utf8
0010f220 000000e8 T utf16_to_utf8
0010f308 000000c0 T utf8_to_utf16
0010f3c8 000001e0 W __system_allocateHeaps
0010f5a8 00000038 W __libctru_init
0010f5e0 00000160 W __system_initArgv
0010f740 00000030 T __syscall_getreent
0010f770 00000064 T __syscall_gettod_r
0010f7d4 00000004 T __syscall_lock_acquire
0010f7d8 00000004 T __syscall_lock_release
0010f7dc 00000004 T __syscall_lock_acquire_recursive
0010f7e0 00000004 T __syscall_lock_release_recursive
0010f7e4 00000004 T __syscall_exit
0010f7e8 00000050 T initThreadVars
0010f838 00000080 T __system_initSyscalls
0010f8b8 T svcControlMemory
0010f8d8 T svcQueryMemory
0010f908 T svcExitProcess
0010f910 T svcCreateThread
0010f930 T svcExitThread
0010f938 T svcSleepThread
0010f940 T svcReleaseMutex
0010f948 T svcCreateEvent
0010f95c T svcSignalEvent
0010f964 T svcClearEvent
0010f96c T svcCreateMemoryBlock
0010f984 T svcMapMemoryBlock
0010f98c T svcUnmapMemoryBlock
0010f994 T svcCreateAddressArbiter
0010f9a8 T svcArbitrateAddressNoTimeout
0010f9b0 T svcCloseHandle
0010f9b8 T svcWaitSynchronization
0010f9c0 T svcWaitSynchronizationN
0010f9e8 T svcDuplicateHandle
0010f9fc T svcGetSystemTick
0010fa04 T svcConnectToPort
0010fa18 T svcSendSyncRequest
0010fa20 T svcGetResourceLimit
0010fa34 T svcGetResourceLimitLimitValues
0010fa3c T svcGetResourceLimitCurrentValues
0010fa44 T svcBreak
0010fa4c T __aeabi_read_tp
0010fa58 W initSystem
0010faa8 W __ctru_exit
0010fabc 00000084 W envGetHandle
0010fb40 00000050 W envDestroyHandles
0010fb90 0000012c T srvInit
0010fcbc 00000058 T srvExit
0010fd14 00000060 T srvEnableNotification
0010fd74 000000a0 T srvGetServiceHandleDirect
0010fe14 00000038 T srvGetServiceHandle
0010fe4c 00000034 T srvSubscribe
0010fe80 00000060 T srvReceiveNotification
0010fee0 00000038 T srvPublishToSubscriber
0010ff18 0000000c T __sync_init
0010ff24 00000018 T __sync_fini
0010ff3c 0000002c T syncArbitrateAddress
0010ff68 000000b0 T LightLock_Lock
00110018 00000040 T LightLock_Unlock
00110058 00000030 T RecursiveLock_Lock
00110088 00000054 T RecursiveLock_Unlock
001100dc 00000040 T LightEvent_Init
0011011c 000000a4 T LightEvent_Clear
001101c0 000000c8 T LightEvent_Signal
00110288 00000050 T LightEvent_TryWait
001102d8 000000a0 T LightEvent_Wait
00110378 000001d4 T threadCreate
0011054c 0000002c T threadFree
00110578 00000024 T threadJoin
0011059c 00000030 T threadGetCurrent
001105cc 00000040 T threadExit
0011060c 00000020 t _thread_begin
0011062c 00000090 t mappableFindAddressWithin
001106bc 00000028 T mappableInit
001106e4 00000080 T mappableAlloc
00110764 00000004 T mappableFree
00110768 0000000c T srvPmGetSessionHandle
00110774 0000005c T rbtree_node_next
001107d0 00000064 T decode_utf16
00110834 00000054 T encode_utf16
00110888 000000e0 T encode_utf8
00110968 00000030 W __appExit
00110998 00000030 W __appInit
001109c8 00000090 W __libctru_exit
00110a58 00000014 t archive_link
00110a6c 00000014 t archive_dirreset
00110a80 00000014 t archive_chmod
00110a94 00000024 t error_cmp
00110ab8 00000050 t archive_translate_error
00110b08 000000c4 t archive_seek
00110bcc 00000078 t _archiveInit.part.0
00110c44 000000c4 t archiveFindDevice.part.0
00110d08 00000290 t archive_utf16path
00110f98 0000009c t _archiveUnmountDeviceStruct.part.0
00111034 00000014 t archive_statvfs
00111048 00000014 t archive_fchmod
0011105c 00000168 t _archiveMountDevice
001111c4 000000e8 t archive_diropen
001112ac 000000a4 t archive_fstat
00111350 0000006c t archive_fsync
001113bc 0000006c t archive_close
00111428 00000070 t archive_dirclose
00111498 000000e4 t sdmc_statvfs
0011157c 000000ec t archive_chdir
00111668 0000007c t archive_ftruncate
001116e4 000000ac t archive_read
00111790 000000a4 t archive_unlink
00111834 000000bc t archive_rmdir
001118f0 000000dc t archive_mkdir
001119cc 00000194 t archive_stat
00111b60 0000015c t archive_dirnext
00111cbc 00000124 t archive_write
00111de0 00000210 t archive_open
00111ff0 00000268 t archive_rename
00112258 0000019c T archiveMountSdmc
001123f4 00000054 T archiveUnmountAll
00112448 000000c0 T ceilf
00112508 00000120 T __udivmoddi4
00112628 000000d8 T strncmp
00112700 00000130 T strchr
00112830 0000005c T strlen
0011288c 000000f4 T _fwrite_r
00112980 00000038 T fwrite
001129b8 00000480 T __sfvwrite_r
00112e38 000000e0 T memchr
00112f18 000000d4 T memcmp
00112fec 000001e4 t _strtoul_l.isra.0
001131d0 00000034 T strtoul
00113204 000000e4 T strncat
001132e8 00000078 T bsearch
00113360 00000344 T _fread_r
001136a4 00000038 T fread
001136dc 00000020 T calloc
001136fc 0000096c T qsort
00114068 00000038 t lflush
001140a0 0000019c T __srefill_r
0011423c 00000148 T _fclose_r
00114384 00000018 T fclose
0011439c 000000c0 T _calloc_r
0011445c 00000144 T __smakebuf_r
001145a0 00000020 T memalign
001145c0 0000001c t stdio_exit_handler
001145dc 0000005c t cleanup_stdio
00114638 00000154 t global_stdio_init.part.0
0011478c 00000134 T __sfp
001148c0 0000005c T __sinit
0011491c 0000000c T __sfp_lock_acquire
00114928 0000000c T __sfp_lock_release
00114934 000007e8 T _malloc_r
0011511c 000000f8 T _malloc_trim_r
00115214 00000300 T _free_r
00115514 0000004c T strnlen
00115560 0000000c T __errno
0011556c 00000034 T malloc
001155a0 00000018 T free
001155b8 00000130 T memcpy
001156e8 00000134 T _fopen_r
0011581c 00000020 T fopen
0011583c 0000004c T time
00115888 000000e8 T memset
00115970 000004a4 T _realloc_r
00115e14 00000070 T _fwalk_sglue
00115e84 0000000c T __malloc_lock
00115e90 0000000c T __malloc_unlock
00115e9c 00000004 W __call_exitprocs
00115ea0 00000030 T exit
00115ed0 0000001c T _fseek_r
00115eec 000000d4 T snprintf
00115fc0 000000c4 T strncpy
00116084 000000b4 T __sflags
00116138 00000084 T __libc_init_array
001161bc 00000194 T __swsetup_r
00116350 00000228 T __sflush_r
00116578 00000094 T _fflush_r
0011660c 00000160 T memmove
0011676c 00000150 T _memalign_r
001168bc 0000003c T __libc_fini_array
001168f8 0000058c T _fseeko_r
00116e84 00000044 T __sread
00116ec8 00000068 T __swrite
00116f30 00000040 T __sseek
00116f70 00000008 T __sclose
00116f78 000005e4 t get_arg
00117560 0000335c T _svfprintf_r
0011a8bc 00000028 T _wcsrtombs_r
0011a8e8 00000088 T frexp
0011a970 00000024 T __locale_mb_cur_max
0011a994 000000a4 T __ssprint_r
0011aa38 00000160 T _wcsnrtombs_l
0011ab98 00000064 T _wcsnrtombs_r
0011abfc 00000324 T __utf8_mbtowc
0011af20 00000024 T _localeconv_r
0011af44 000001b4 t quorem
0011b0f8 00001370 T _dtoa_r
0011c468 000000a0 T _wcrtomb_r
0011c508 00000128 T __ssputs_r
0011c630 000000f0 T __utf8_wctomb
0011c720 0000005c T __assert_func
0011c77c 00000088 T _Balloc
0011c804 0000001c T _Bfree
0011c820 000000f4 T __multadd
0011c914 00000080 T __hi0bits
0011c994 000000f4 T __lo0bits
0011ca88 000000a4 T __i2b
0011cb2c 00000208 T __multiply
0011cd34 00000130 T __pow5mult
0011ce64 00000138 T __lshift
0011cf9c 00000058 T __mcmp
0011cff4 000001f0 T __mdiff
0011d1e4 00000120 T __d2b
0011d304 0000003c T fiprintf
0011d340 00000014 T abort
0011d354 00000090 T _raise_r
0011d3e4 00000018 T raise
0011d3fc 000005e4 t get_arg
0011d9e0 00002264 T _vfiprintf_r
0011fc44 000000b8 t __sbprintf
0011fcfc 00000030 T __sprint_r
0011fd2c 00000020 T _exit
0011fd4c 0000013c T chdir
0011fe88 000001cc T _concatenate_path
00120054 00000068 t __dirnext
001200bc 000000f4 T opendir
001201b0 00000090 T closedir
00120240 000000ec T readdir_r
0012032c 00000040 T readdir
0012036c 00000088 T _fstat_r
001203f4 00000014 T _getpid_r
00120408 0000002c T __getreent
00120434 00000030 T _gettimeofday_r
00120464 0000008c T __release_handle
001204f0 000000b0 T __alloc_handle
001205a0 0000003c T __get_handle
001205dc 000000f4 T _close_r
001206d0 00000008 t null_write
001206d8 00000018 T setDefaultDevice
001206f0 000000c8 T FindDevice
001207b8 00000028 T RemoveDevice
001207e0 00000098 T AddDevice
00120878 00000020 T GetDeviceOpTab
00120898 00000008 T _isatty_r
001208a0 00000014 T _kill_r
001208b4 0000008c T _lseek_r
00120940 00000060 T mkdir
001209a0 000000bc T _open_r
00120a5c 00000088 T _read_r
00120ae4 00000078 W _sbrk_r
00120b5c 0000001c T __libc_lock_acquire
00120b78 0000001c T __libc_lock_release
00120b94 0000001c T __libc_lock_acquire_recursive
00120bb0 0000001c T __libc_lock_release_recursive
00120bcc 00000088 T _write_r
00120c54 00000048 T strrchr
00120c9c T _fini
001211d4 r .LC2
001212b4 R render2d_shbin
00121440 R render2d_shbin_end
00121440 R render2d_shbin_size
00121444 00000004 r depthFmtSizes
00121448 00000005 r colorFmtSizes
00121450 00000010 r CSWTCH.11
00121460 00000080 r romFS_devoptab
00121508 00000008 r morton_y.2
00121510 00000008 r morton_x.3
00121518 00000008 r s_sleepWakeEvents.4
00121520 00000030 r error_table
00121550 00000080 r archive_devoptab
001215d0 00000101 R _ctype_
001217f8 00000010 r zeroes.0
00121808 00000010 r blanks.1
00121818 0000006c R __action_table
00121884 0000006c R __state_table
001218f0 00000100 R __chclass
001219f8 0000000c r p05.0
00121a08 00000028 R __mprec_bigtens
00121a30 000000c8 R __mprec_tens
00121be4 00000010 r zeroes.0
00121bf4 00000010 r blanks.1
00121c04 00000080 R dotab_stdnull
00121c84 R __tdata_align
00121c88 r __EH_FRAME_BEGIN__
00121c88 R __exidx_end
00121c88 R __exidx_start
00122000 00000004 d selectedNote
00122004 00000008 d framerateCounter
0012200c 00000004 d framerate
00122010 00000004 d queueLock
00122014 00000004 d aptChainloadDeliverArgSize
00122018 00000004 d kCount
0012201c 00000004 d kInterval
00122020 00000004 d kDelay
00122024 W __stacksize__
00122028 00000004 D _impure_ptr
00122030 00000120 D _impure_data
00122150 0000000c D __sglue
0012215c 00000004 D __malloc_sbrk_base
00122160 00000004 D __malloc_trim_threshold
00122168 00000408 D __malloc_av_
00122570 0000016c D __global_locale
001226dc 00000400 d _current_working_directory
00122ae0 00001000 d handles
00123ae0 0000000c d __stderr_handle
00123aec 0000000c d __stdout_handle
00123af8 0000000c d __stdin_handle
00123b04 0000008c D devoptab_list
00123b90 00000004 d defaultDevice
00123b9c d _GLOBAL_OFFSET_TABLE_
00123ba8 d __frame_dummy_init_array_entry
00123ba8 D __init_array_start
00123ba8 B __preinit_array_end
00123ba8 B __preinit_array_start
00123ba8 D __tdata_lma
00123ba8 D __tdata_lma_end
00123bac d __do_global_dtors_aux_fini_array_entry
00123bac D __fini_array_start
00123bac D __init_array_end
00123bb0 D __bss_start__
00123bb0 D __fini_array_end
00123bb0 00000004 b g_staticBuf
00123bb4 00000004 b note_count
00123bb8 00000001 b mode
00123bbc 00000004 b selectedMenu
00123bc0 00000400 b currentNoteContent
00123fc0 00000020 b currentNoteTitle
00123fe0 00002940 b notes
00126920 b completed.1
00126924 b object.0
00126940 000005a8 B __C2Di_Context
00126ee8 00000040 b s_projBot
00126f28 00000040 b s_projTop
00126f68 00000004 b uLoc_mdlvMtx
00126f6c 00000004 b uLoc_projMtx
00126f70 00000004 b s_glyphSheets
00126f74 00000004 b s_textScale
00126f78 0000000c b hookCookie
00126f88 000002d0 B __C3D_Context
00127258 00000004 b frameEndCbData
0012725c 00000004 b frameEndCb
00127260 00000008 b frameCounter
00127268 00000001 b isTopStereo
00127269 00000001 b needSwapBot
0012726a 00000001 b needSwapTop
0012726b 00000001 b measureGpuTime
0012726c 00000001 b inSafeTransfer
0012726d 00000001 b inFrame
00127270 00000010 b cpuTime
00127280 00000010 b gpuTime
00127290 0000000c b linkedTarget
0012729c 00000004 b lastTarget
001272a0 00000004 b firstTarget
001272a4 00000008 b C3Di_IVUnifEverDirty
001272ac 000000c0 b C3Di_FVUnifEverDirty
0012736c 00000018 b C3Di_ShaderFVecData
00127384 00000002 B C3D_BoolUnifsDirty
00127388 00000008 B C3D_IVUnifDirty
00127390 000000c0 B C3D_FVUnifDirty
00127450 00000004 B C3D_BoolUnifs
00127454 00000020 B C3D_IVUnif
00127474 00000c00 B C3D_FVUnif
00128078 00000008 b sLinearPool
00128080 0000000c b sAddrMap
00128090 00000008 b sVramPoolB
00128098 00000008 b sVramPoolA
001280a0 0000000c b sAddrMap
001280ac 00000004 b sharedFontAddr
001280b0 00000004 B g_sharedFont
001280b4 00000004 b screenAlloc
001280b8 00000004 b screenFree
001280bc 00000002 b gfxIsDoubleBuf
001280c0 00000002 b gfxCurBuf
001280c2 00000001 b gfxIsVram
001280c3 00000001 b gfxTopMode
001280c4 00000002 b gfxFramebufferFormats
001280c8 00000004 b gfxBottomFramebufferMaxSize
001280cc 00000004 b gfxTopFramebufferMaxSize
001280d0 00000008 b gfxBottomFramebuffers
001280d8 00000008 b gfxTopFramebuffers
001280e0 00000001 V __ctru_speedup
001280e4 00000004 b romfs_mount_list
001280e8 00000004 V __romfs_path
001280ec 00000004 B gpuCmdBufOffset
001280f0 00000004 B gpuCmdBufSize
001280f4 00000004 B gpuCmdBuf
001280f8 00000004 b boundQueue
001280fc 00000001 b shouldStop
001280fd 00000001 b isRunning
001280fe 00000001 b isActive
00128100 00000004 b curQueue
00128104 00000001 b flagValue.0
00128105 00000001 b flagInit.1
00128108 00000004 b serviceName.6
0012810c 00000001 b aptChainloadFlags
0012810d 00000001 b aptChainloadMediatype
00128110 00000020 b aptChainloadHmac
00128130 00000300 b aptChainloadDeliverArg
00128430 00000008 b aptChainloadTid
00128438 00001000 b aptParameters
00129438 00000004 b aptFlags
0012943c 00000001 b aptHomeButtonState
00129440 00000004 b aptMessageFuncData
00129444 00000004 b aptMessageFunc
00129448 0000000c b aptFirstHook
00129454 00000001 b aptEventHandlerThreadQuit
00129458 00000004 b aptEventHandlerThread
0012945c 00000008 b aptSleepEvent
00129464 00000008 b aptReceiveEvent
0012946c 00000008 b aptEvents
00129474 00000004 b aptLockHandle
00129478 00000004 b aptRefCount
00129480 00000080 b fsExemptArchives
00129500 00000004 b fsuRefCount
00129504 00000004 b fsuHandle
00129508 00000007 b gspEventCbOneShot
00129510 0000001c b gspEventCbData
0012952c 0000001c b gspEventCb
00129548 00000038 b gspEvents
00129580 00000004 b gspLastEvent
00129584 00000001 b gspRunEvents
00129588 00000004 b gspEventThread
0012958c 00000004 b gspEvent
00129590 00000001 b gspGpuRight
00129591 00000001 b gspThreadId
00129594 00000004 b gspSharedMem
00129598 00000004 b gspSharedMemHandle
0012959c 00000004 b gspRefCount
001295a0 00000004 b gspGpuHandle
001295a4 00000001 b usingIrrst
001295a8 00000004 b hidRefCount
001295ac 00000006 b gRate
001295b4 00000006 b aVec
001295bc 00000004 b cPos
001295c0 00000004 b tPos
001295c4 00000004 b kRepeat
001295c8 00000004 b kUp
001295cc 00000004 b kDown
001295d0 00000004 b kHeld
001295d4 00000004 b kOld
001295d8 00000004 B hidSharedMem
001295dc 00000014 B hidEvents
001295f0 00000004 B hidMemHandle
001295f4 00000004 B hidHandle
001295f8 00000004 b irrstRefCount
001295fc 00000004 b csPos
00129600 00000004 b kHeld
00129604 00000004 B irrstSharedMem
00129608 00000004 B irrstEvent
0012960c 00000004 B irrstMemHandle
00129610 00000004 B irrstHandle
00129614 00000004 b ptmSysmRefCount
00129618 00000004 b ptmSysmHandle
0012961c 00000004 b swkbdSharedMemHandle
00129620 00000004 b swkbdSharedMem
00129624 00000004 V __ctru_linear_heap_size
00129628 00000004 V __ctru_heap_size
0012962c 00000004 B __ctru_linear_heap
00129630 00000004 B __ctru_heap
00129634 00000004 B __system_retAddr
00129638 00000004 B __system_argv
0012963c 00000004 B __system_argc
00129640 b saved_stack
00129648 00000004 B __3dslink_host
0012964c 00000004 b srvRefCount
00129650 00000004 b srvHandle
00129654 00000004 b arbiter
00129658 00000004 b currentAddr
0012965c 00000004 b maxAddr
00129660 00000004 b minAddr
00129664 00000004 b srvPmHandle
00129668 000005c0 b archive_devices
00129c28 00000004 b archive_device_cwd
00129c2c 00000001 b archive_initialized
00129c30 0000000c b __sfp_recursive_mutex
00129c40 00000168 B __sf
00129da8 00000004 B __stdio_exit_handler
00129dac 00000028 B __malloc_current_mallinfo
00129dd4 00000004 B __malloc_max_total_mem
00129dd8 00000004 B __malloc_max_sbrked_mem
00129ddc 00000004 B __malloc_top_pad
00129de0 0000000c b __malloc_recursive_mutex
00129dec 00000400 b temp_cwd
0012a1ec 00000004 b __hndl_lock
0012a1f0 00000004 B fake_heap_start
0012a1f4 00000004 B fake_heap_end
0012a1f8 00000004 b heap_start.0
0012a1fc B __tls_start
0012ae04 B __bss_end__
0012ae04 A __end__
0012ae04 B __tls_end
